************* Module current
database/current.py:14:3: W0511: TODO!!!!!! (fixme)
database/current.py:11:0: W0312: Found indentation with tabs instead of spaces (mixed-indentation)
database/current.py:15:0: W0312: Found indentation with tabs instead of spaces (mixed-indentation)
database/current.py:16:0: W0312: Found indentation with tabs instead of spaces (mixed-indentation)
database/current.py:17:0: W0312: Found indentation with tabs instead of spaces (mixed-indentation)
database/current.py:18:0: W0312: Found indentation with tabs instead of spaces (mixed-indentation)
database/current.py:19:0: W0312: Found indentation with tabs instead of spaces (mixed-indentation)
database/current.py:20:0: W0312: Found indentation with tabs instead of spaces (mixed-indentation)
database/current.py:22:59: C0326: Exactly one space required after comma
@app.route('/api/analyze_code/<code_type>', methods=['POST','GET'])
                                                           ^ (bad-whitespace)
database/current.py:24:0: W0312: Found indentation with tabs instead of spaces (mixed-indentation)
database/current.py:27:0: W0312: Found indentation with tabs instead of spaces (mixed-indentation)
database/current.py:29:0: W0312: Found indentation with tabs instead of spaces (mixed-indentation)
database/current.py:30:0: W0312: Found indentation with tabs instead of spaces (mixed-indentation)
database/current.py:31:0: W0312: Found indentation with tabs instead of spaces (mixed-indentation)
database/current.py:32:0: W0312: Found indentation with tabs instead of spaces (mixed-indentation)
database/current.py:33:0: W0312: Found indentation with tabs instead of spaces (mixed-indentation)
database/current.py:34:0: W0312: Found indentation with tabs instead of spaces (mixed-indentation)
database/current.py:36:0: W0312: Found indentation with tabs instead of spaces (mixed-indentation)
database/current.py:37:0: W0312: Found indentation with tabs instead of spaces (mixed-indentation)
database/current.py:38:0: W0312: Found indentation with tabs instead of spaces (mixed-indentation)
database/current.py:39:0: W0312: Found indentation with tabs instead of spaces (mixed-indentation)
database/current.py:46:0: W0312: Found indentation with tabs instead of spaces (mixed-indentation)
database/current.py:47:0: W0312: Found indentation with tabs instead of spaces (mixed-indentation)
database/current.py:47:47: C0326: No space allowed around keyword argument assignment
	return render_template('index.html', log_html = log)
                                               ^ (bad-whitespace)
database/current.py:53:0: C0304: Final newline missing (missing-final-newline)
database/current.py:1:0: C0111: Missing module docstring (missing-docstring)
database/current.py:5:0: C0103: Constant name "app" doesn't conform to UPPER_CASE naming style (invalid-name)
database/current.py:7:0: C0103: Constant name "app_path" doesn't conform to UPPER_CASE naming style (invalid-name)
database/current.py:10:0: R1710: Either all return statements in a function should return an expression, or none of them should. (inconsistent-return-statements)
database/current.py:31:3: C0103: Variable name "fp" doesn't conform to snake_case naming style (invalid-name)
database/current.py:23:0: R1710: Either all return statements in a function should return an expression, or none of them should. (inconsistent-return-statements)
database/current.py:43:0: C0111: Missing function docstring (missing-docstring)
database/current.py:1:0: W0611: Unused send_from_directory imported from flask (unused-import)
database/current.py:3:0: C0411: standard import "import os" should be placed before "from flask import Flask, render_template, send_from_directory, request" (wrong-import-order)

-------------------------------------------------------------------
Your code has been rated at -1.33/10 (previous run: 5.22/10, -6.55)

